<?xml version="1.0" encoding="UTF-8"?>
<coverage generated="1543614161030" clover="3.2.0">
  <project timestamp="1543614161030" name="All files">
    <metrics statements="85" coveredstatements="74" conditionals="39" coveredconditionals="32" methods="37" coveredmethods="33" elements="161" coveredelements="139" complexity="0" loc="85" ncloc="85" packages="1" files="4" classes="4">
      <file name="Rule.js" path="C:\Users\oussama\Documents\forgJs\src\Rule.js">
        <metrics statements="29" coveredstatements="27" conditionals="18" coveredconditionals="15" methods="4" coveredmethods="4"/>
        <line num="1" count="7" type="stmt"/>
        <line num="5" count="47" type="cond" truecount="4" falsecount="0"/>
        <line num="6" count="2" type="stmt"/>
        <line num="8" count="45" type="stmt"/>
        <line num="10" count="47" type="stmt"/>
        <line num="11" count="47" type="stmt"/>
        <line num="15" count="48" type="cond" truecount="2" falsecount="0"/>
        <line num="16" count="1" type="stmt"/>
        <line num="19" count="47" type="stmt"/>
        <line num="20" count="47" type="stmt"/>
        <line num="21" count="83" type="stmt"/>
        <line num="22" count="83" type="stmt"/>
        <line num="24" count="83" type="cond" truecount="4" falsecount="0"/>
        <line num="25" count="13" type="stmt"/>
        <line num="28" count="34" type="stmt"/>
        <line num="32" count="47" type="stmt"/>
        <line num="33" count="47" type="cond" truecount="1" falsecount="1"/>
        <line num="34" count="0" type="stmt"/>
        <line num="36" count="47" type="stmt"/>
        <line num="37" count="88" type="stmt"/>
        <line num="38" count="88" type="cond" truecount="1" falsecount="1"/>
        <line num="39" count="0" type="stmt"/>
        <line num="41" count="88" type="cond" truecount="2" falsecount="0"/>
        <line num="42" count="3" type="stmt"/>
        <line num="48" count="1" type="stmt"/>
        <line num="49" count="1" type="cond" truecount="1" falsecount="1"/>
        <line num="50" count="1" type="stmt"/>
        <line num="55" count="7" type="stmt"/>
        <line num="57" count="7" type="stmt"/>
      </file>
      <file name="Validator.js" path="C:\Users\oussama\Documents\forgJs\src\Validator.js">
        <metrics statements="19" coveredstatements="15" conditionals="11" coveredconditionals="8" methods="6" coveredmethods="6"/>
        <line num="1" count="7" type="stmt"/>
        <line num="4" count="3" type="cond" truecount="2" falsecount="0"/>
        <line num="6" count="3" type="stmt"/>
        <line num="7" count="7" type="cond" truecount="4" falsecount="1"/>
        <line num="8" count="0" type="stmt"/>
        <line num="10" count="7" type="stmt"/>
        <line num="11" count="7" type="stmt"/>
        <line num="18" count="7" type="stmt"/>
        <line num="19" count="7" type="cond" truecount="1" falsecount="1"/>
        <line num="20" count="7" type="stmt"/>
        <line num="23" count="0" type="stmt"/>
        <line num="24" count="0" type="stmt"/>
        <line num="29" count="3" type="stmt"/>
        <line num="33" count="3" type="stmt"/>
        <line num="34" count="3" type="stmt"/>
        <line num="35" count="7" type="cond" truecount="1" falsecount="1"/>
        <line num="36" count="0" type="stmt"/>
        <line num="39" count="3" type="stmt"/>
        <line num="43" count="7" type="stmt"/>
      </file>
      <file name="index.js" path="C:\Users\oussama\Documents\forgJs\src\index.js">
        <metrics statements="3" coveredstatements="3" conditionals="0" coveredconditionals="0" methods="0" coveredmethods="0"/>
        <line num="1" count="7" type="stmt"/>
        <line num="2" count="7" type="stmt"/>
        <line num="4" count="7" type="stmt"/>
      </file>
      <file name="testfunctions.js" path="C:\Users\oussama\Documents\forgJs\src\testfunctions.js">
        <metrics statements="34" coveredstatements="29" conditionals="10" coveredconditionals="9" methods="27" coveredmethods="23"/>
        <line num="1" count="7" type="stmt"/>
        <line num="2" count="50" type="cond" truecount="2" falsecount="0"/>
        <line num="5" count="7" type="stmt"/>
        <line num="7" count="4" type="stmt"/>
        <line num="8" count="6" type="stmt"/>
        <line num="9" count="1" type="stmt"/>
        <line num="10" count="16" type="stmt"/>
        <line num="14" count="0" type="stmt"/>
        <line num="15" count="3" type="stmt"/>
        <line num="16" count="0" type="stmt"/>
        <line num="17" count="2" type="stmt"/>
        <line num="18" count="2" type="stmt"/>
        <line num="19" count="12" type="cond" truecount="2" falsecount="0"/>
        <line num="23" count="1" type="stmt"/>
        <line num="24" count="1" type="stmt"/>
        <line num="25" count="1" type="cond" truecount="2" falsecount="0"/>
        <line num="26" count="0" type="stmt"/>
        <line num="27" count="6" type="stmt"/>
        <line num="31" count="1" type="stmt"/>
        <line num="32" count="1" type="stmt"/>
        <line num="33" count="0" type="stmt"/>
        <line num="34" count="4" type="cond" truecount="2" falsecount="0"/>
        <line num="39" count="4" type="stmt"/>
        <line num="40" count="4" type="stmt"/>
        <line num="41" count="5" type="cond" truecount="1" falsecount="1"/>
        <line num="42" count="0" type="stmt"/>
        <line num="45" count="4" type="stmt"/>
        <line num="47" count="1" type="stmt"/>
        <line num="48" count="1" type="stmt"/>
        <line num="49" count="7" type="stmt"/>
        <line num="53" count="7" type="stmt"/>
        <line num="54" count="35" type="stmt"/>
        <line num="55" count="35" type="stmt"/>
        <line num="58" count="7" type="stmt"/>
      </file>
    </metrics>
  </project>
</coverage>
