{"C:\\Users\\oussama\\Documents\\forgJs\\src\\index.js": {"path":"C:\\Users\\oussama\\Documents\\forgJs\\src\\index.js","statementMap":{"0":{"start":{"line":1,"column":18},"end":{"line":1,"column":40}},"1":{"start":{"line":2,"column":13},"end":{"line":2,"column":30}},"2":{"start":{"line":4,"column":0},"end":{"line":4,"column":37}}},"fnMap":{},"branchMap":{},"s":{"0":7,"1":7,"2":7},"f":{},"b":{},"_coverageSchema":"332fd63041d2c1bcb487cc26dd0d5f7d97098a6c","hash":"e27528f26af2addb4942dd51cf2e642d8c31d9d6"}
,"C:\\Users\\oussama\\Documents\\forgJs\\src\\Rule\\index.js": {"path":"C:\\Users\\oussama\\Documents\\forgJs\\src\\Rule\\index.js","statementMap":{"0":{"start":{"line":1,"column":37},"end":{"line":1,"column":64}},"1":{"start":{"line":5,"column":4},"end":{"line":9,"column":5}},"2":{"start":{"line":6,"column":6},"end":{"line":6,"column":32}},"3":{"start":{"line":8,"column":6},"end":{"line":8,"column":22}},"4":{"start":{"line":10,"column":4},"end":{"line":10,"column":21}},"5":{"start":{"line":11,"column":4},"end":{"line":11,"column":27}},"6":{"start":{"line":15,"column":4},"end":{"line":17,"column":5}},"7":{"start":{"line":16,"column":6},"end":{"line":16,"column":18}},"8":{"start":{"line":19,"column":17},"end":{"line":19,"column":39}},"9":{"start":{"line":20,"column":4},"end":{"line":27,"column":5}},"10":{"start":{"line":21,"column":18},"end":{"line":21,"column":25}},"11":{"start":{"line":22,"column":27},"end":{"line":22,"column":67}},"12":{"start":{"line":24,"column":6},"end":{"line":26,"column":7}},"13":{"start":{"line":25,"column":8},"end":{"line":25,"column":21}},"14":{"start":{"line":28,"column":4},"end":{"line":28,"column":16}},"15":{"start":{"line":32,"column":17},"end":{"line":32,"column":39}},"16":{"start":{"line":33,"column":4},"end":{"line":35,"column":5}},"17":{"start":{"line":34,"column":6},"end":{"line":34,"column":40}},"18":{"start":{"line":36,"column":4},"end":{"line":44,"column":5}},"19":{"start":{"line":37,"column":18},"end":{"line":37,"column":25}},"20":{"start":{"line":38,"column":6},"end":{"line":40,"column":7}},"21":{"start":{"line":39,"column":8},"end":{"line":39,"column":68}},"22":{"start":{"line":41,"column":6},"end":{"line":43,"column":7}},"23":{"start":{"line":42,"column":8},"end":{"line":42,"column":77}},"24":{"start":{"line":48,"column":4},"end":{"line":48,"column":37}},"25":{"start":{"line":49,"column":4},"end":{"line":49,"column":50}},"26":{"start":{"line":53,"column":0},"end":{"line":53,"column":37}},"27":{"start":{"line":55,"column":0},"end":{"line":55,"column":22}}},"fnMap":{"0":{"name":"(anonymous_0)","decl":{"start":{"line":4,"column":2},"end":{"line":4,"column":3}},"loc":{"start":{"line":4,"column":25},"end":{"line":12,"column":3}},"line":4},"1":{"name":"(anonymous_1)","decl":{"start":{"line":14,"column":2},"end":{"line":14,"column":3}},"loc":{"start":{"line":14,"column":17},"end":{"line":29,"column":3}},"line":14},"2":{"name":"(anonymous_2)","decl":{"start":{"line":31,"column":2},"end":{"line":31,"column":3}},"loc":{"start":{"line":31,"column":20},"end":{"line":45,"column":3}},"line":31},"3":{"name":"(anonymous_3)","decl":{"start":{"line":47,"column":2},"end":{"line":47,"column":3}},"loc":{"start":{"line":47,"column":31},"end":{"line":50,"column":3}},"line":47}},"branchMap":{"0":{"loc":{"start":{"line":5,"column":4},"end":{"line":9,"column":5}},"type":"if","locations":[{"start":{"line":5,"column":4},"end":{"line":9,"column":5}},{"start":{"line":5,"column":4},"end":{"line":9,"column":5}}],"line":5},"1":{"loc":{"start":{"line":5,"column":8},"end":{"line":5,"column":56}},"type":"binary-expr","locations":[{"start":{"line":5,"column":8},"end":{"line":5,"column":31}},{"start":{"line":5,"column":35},"end":{"line":5,"column":56}}],"line":5},"2":{"loc":{"start":{"line":15,"column":4},"end":{"line":17,"column":5}},"type":"if","locations":[{"start":{"line":15,"column":4},"end":{"line":17,"column":5}},{"start":{"line":15,"column":4},"end":{"line":17,"column":5}}],"line":15},"3":{"loc":{"start":{"line":24,"column":6},"end":{"line":26,"column":7}},"type":"if","locations":[{"start":{"line":24,"column":6},"end":{"line":26,"column":7}},{"start":{"line":24,"column":6},"end":{"line":26,"column":7}}],"line":24},"4":{"loc":{"start":{"line":24,"column":10},"end":{"line":24,"column":87}},"type":"binary-expr","locations":[{"start":{"line":24,"column":10},"end":{"line":24,"column":58}},{"start":{"line":24,"column":62},"end":{"line":24,"column":87}}],"line":24},"5":{"loc":{"start":{"line":33,"column":4},"end":{"line":35,"column":5}},"type":"if","locations":[{"start":{"line":33,"column":4},"end":{"line":35,"column":5}},{"start":{"line":33,"column":4},"end":{"line":35,"column":5}}],"line":33},"6":{"loc":{"start":{"line":38,"column":6},"end":{"line":40,"column":7}},"type":"if","locations":[{"start":{"line":38,"column":6},"end":{"line":40,"column":7}},{"start":{"line":38,"column":6},"end":{"line":40,"column":7}}],"line":38},"7":{"loc":{"start":{"line":41,"column":6},"end":{"line":43,"column":7}},"type":"if","locations":[{"start":{"line":41,"column":6},"end":{"line":43,"column":7}},{"start":{"line":41,"column":6},"end":{"line":43,"column":7}}],"line":41}},"s":{"0":8,"1":59,"2":3,"3":56,"4":59,"5":59,"6":60,"7":1,"8":59,"9":59,"10":105,"11":105,"12":105,"13":19,"14":40,"15":59,"16":59,"17":1,"18":58,"19":109,"20":109,"21":1,"22":108,"23":3,"24":1,"25":1,"26":8,"27":8},"f":{"0":59,"1":60,"2":59,"3":1},"b":{"0":[3,56],"1":[59,56],"2":[1,59],"3":[19,86],"4":[105,21],"5":[1,58],"6":[1,108],"7":[3,105]},"_coverageSchema":"332fd63041d2c1bcb487cc26dd0d5f7d97098a6c","hash":"796e8b28f474e9c757bbc86359e9d67558abde2f"}
,"C:\\Users\\oussama\\Documents\\forgJs\\src\\Validator\\index.js": {"path":"C:\\Users\\oussama\\Documents\\forgJs\\src\\Validator\\index.js","statementMap":{"0":{"start":{"line":1,"column":37},"end":{"line":1,"column":54}},"1":{"start":{"line":5,"column":4},"end":{"line":5,"column":19}},"2":{"start":{"line":9,"column":14},"end":{"line":9,"column":18}},"3":{"start":{"line":10,"column":4},"end":{"line":14,"column":7}},"4":{"start":{"line":11,"column":6},"end":{"line":13,"column":7}},"5":{"start":{"line":12,"column":8},"end":{"line":12,"column":20}},"6":{"start":{"line":15,"column":4},"end":{"line":15,"column":15}},"7":{"start":{"line":19,"column":0},"end":{"line":19,"column":27}}},"fnMap":{"0":{"name":"(anonymous_0)","decl":{"start":{"line":4,"column":2},"end":{"line":4,"column":3}},"loc":{"start":{"line":4,"column":17},"end":{"line":6,"column":3}},"line":4},"1":{"name":"(anonymous_1)","decl":{"start":{"line":8,"column":2},"end":{"line":8,"column":3}},"loc":{"start":{"line":8,"column":10},"end":{"line":16,"column":3}},"line":8},"2":{"name":"(anonymous_2)","decl":{"start":{"line":10,"column":25},"end":{"line":10,"column":26}},"loc":{"start":{"line":10,"column":40},"end":{"line":14,"column":5}},"line":10}},"branchMap":{"0":{"loc":{"start":{"line":11,"column":6},"end":{"line":13,"column":7}},"type":"if","locations":[{"start":{"line":11,"column":6},"end":{"line":13,"column":7}},{"start":{"line":11,"column":6},"end":{"line":13,"column":7}}],"line":11}},"s":{"0":7,"1":4,"2":4,"3":4,"4":10,"5":1,"6":4,"7":7},"f":{"0":4,"1":4,"2":10},"b":{"0":[1,9]},"_coverageSchema":"332fd63041d2c1bcb487cc26dd0d5f7d97098a6c","hash":"0a4903d4576c2088f6b1d3d78e1f9614df465281"}
,"C:\\Users\\oussama\\Documents\\forgJs\\src\\Validator\\util.js": {"path":"C:\\Users\\oussama\\Documents\\forgJs\\src\\Validator\\util.js","statementMap":{"0":{"start":{"line":1,"column":13},"end":{"line":1,"column":31}},"1":{"start":{"line":4,"column":13},"end":{"line":4,"column":20}},"2":{"start":{"line":6,"column":2},"end":{"line":13,"column":5}},"3":{"start":{"line":7,"column":4},"end":{"line":12,"column":5}},"4":{"start":{"line":8,"column":6},"end":{"line":8,"column":41}},"5":{"start":{"line":10,"column":6},"end":{"line":10,"column":55}},"6":{"start":{"line":11,"column":6},"end":{"line":11,"column":16}},"7":{"start":{"line":18,"column":15},"end":{"line":18,"column":27}},"8":{"start":{"line":19,"column":2},"end":{"line":21,"column":3}},"9":{"start":{"line":20,"column":4},"end":{"line":20,"column":24}},"10":{"start":{"line":23,"column":14},"end":{"line":23,"column":26}},"11":{"start":{"line":24,"column":2},"end":{"line":24,"column":50}},"12":{"start":{"line":27,"column":0},"end":{"line":27,"column":46}}},"fnMap":{"0":{"name":"traverse","decl":{"start":{"line":3,"column":9},"end":{"line":3,"column":17}},"loc":{"start":{"line":3,"column":28},"end":{"line":14,"column":1}},"line":3},"1":{"name":"(anonymous_1)","decl":{"start":{"line":6,"column":25},"end":{"line":6,"column":26}},"loc":{"start":{"line":6,"column":32},"end":{"line":13,"column":3}},"line":6},"2":{"name":"getValFromPath","decl":{"start":{"line":17,"column":9},"end":{"line":17,"column":23}},"loc":{"start":{"line":17,"column":32},"end":{"line":25,"column":1}},"line":17}},"branchMap":{"0":{"loc":{"start":{"line":4,"column":13},"end":{"line":4,"column":20}},"type":"binary-expr","locations":[{"start":{"line":4,"column":13},"end":{"line":4,"column":14}},{"start":{"line":4,"column":18},"end":{"line":4,"column":20}}],"line":4},"1":{"loc":{"start":{"line":7,"column":4},"end":{"line":12,"column":5}},"type":"if","locations":[{"start":{"line":7,"column":4},"end":{"line":12,"column":5}},{"start":{"line":7,"column":4},"end":{"line":12,"column":5}}],"line":7},"2":{"loc":{"start":{"line":7,"column":8},"end":{"line":7,"column":78}},"type":"binary-expr","locations":[{"start":{"line":7,"column":8},"end":{"line":7,"column":21}},{"start":{"line":7,"column":25},"end":{"line":7,"column":51}},{"start":{"line":7,"column":55},"end":{"line":7,"column":78}}],"line":7},"3":{"loc":{"start":{"line":19,"column":2},"end":{"line":21,"column":3}},"type":"if","locations":[{"start":{"line":19,"column":2},"end":{"line":21,"column":3}},{"start":{"line":19,"column":2},"end":{"line":21,"column":3}}],"line":19}},"s":{"0":8,"1":6,"2":6,"3":12,"4":1,"5":11,"6":11,"7":12,"8":12,"9":11,"10":1,"11":1,"12":8},"f":{"0":6,"1":12,"2":12},"b":{"0":[6,5],"1":[1,11],"2":[12,12,11],"3":[11,1]},"_coverageSchema":"332fd63041d2c1bcb487cc26dd0d5f7d97098a6c","hash":"85003b5a2ff69fded71182bacd717e0e6b6f3896"}
,"C:\\Users\\oussama\\Documents\\forgJs\\src\\testFunctions\\index.js": {"path":"C:\\Users\\oussama\\Documents\\forgJs\\src\\testFunctions\\index.js","statementMap":{"0":{"start":{"line":1,"column":15},"end":{"line":1,"column":43}},"1":{"start":{"line":1,"column":32},"end":{"line":1,"column":43}},"2":{"start":{"line":2,"column":17},"end":{"line":2,"column":68}},"3":{"start":{"line":2,"column":33},"end":{"line":2,"column":68}},"4":{"start":{"line":5,"column":23},"end":{"line":51,"column":1}},"5":{"start":{"line":7,"column":23},"end":{"line":7,"column":36}},"6":{"start":{"line":8,"column":23},"end":{"line":8,"column":36}},"7":{"start":{"line":9,"column":27},"end":{"line":9,"column":40}},"8":{"start":{"line":10,"column":17},"end":{"line":10,"column":38}},"9":{"start":{"line":14,"column":29},"end":{"line":14,"column":49}},"10":{"start":{"line":15,"column":29},"end":{"line":15,"column":49}},"11":{"start":{"line":16,"column":27},"end":{"line":16,"column":40}},"12":{"start":{"line":17,"column":27},"end":{"line":17,"column":42}},"13":{"start":{"line":18,"column":21},"end":{"line":18,"column":31}},"14":{"start":{"line":19,"column":17},"end":{"line":19,"column":65}},"15":{"start":{"line":23,"column":25},"end":{"line":23,"column":38}},"16":{"start":{"line":24,"column":26},"end":{"line":24,"column":39}},"17":{"start":{"line":25,"column":29},"end":{"line":25,"column":69}},"18":{"start":{"line":26,"column":27},"end":{"line":26,"column":44}},"19":{"start":{"line":27,"column":17},"end":{"line":27,"column":36}},"20":{"start":{"line":31,"column":23},"end":{"line":31,"column":36}},"21":{"start":{"line":32,"column":23},"end":{"line":32,"column":36}},"22":{"start":{"line":33,"column":27},"end":{"line":33,"column":40}},"23":{"start":{"line":34,"column":17},"end":{"line":34,"column":53}},"24":{"start":{"line":39,"column":16},"end":{"line":39,"column":20}},"25":{"start":{"line":40,"column":6},"end":{"line":44,"column":9}},"26":{"start":{"line":41,"column":8},"end":{"line":43,"column":9}},"27":{"start":{"line":42,"column":10},"end":{"line":42,"column":22}},"28":{"start":{"line":45,"column":6},"end":{"line":45,"column":17}},"29":{"start":{"line":47,"column":21},"end":{"line":47,"column":37}},"30":{"start":{"line":48,"column":26},"end":{"line":48,"column":44}},"31":{"start":{"line":49,"column":17},"end":{"line":49,"column":37}},"32":{"start":{"line":53,"column":0},"end":{"line":56,"column":3}},"33":{"start":{"line":54,"column":2},"end":{"line":54,"column":38}},"34":{"start":{"line":55,"column":2},"end":{"line":55,"column":42}},"35":{"start":{"line":58,"column":0},"end":{"line":58,"column":46}}},"fnMap":{"0":{"name":"(anonymous_0)","decl":{"start":{"line":1,"column":15},"end":{"line":1,"column":16}},"loc":{"start":{"line":1,"column":32},"end":{"line":1,"column":43}},"line":1},"1":{"name":"(anonymous_1)","decl":{"start":{"line":2,"column":17},"end":{"line":2,"column":18}},"loc":{"start":{"line":2,"column":33},"end":{"line":2,"column":68}},"line":2},"2":{"name":"(anonymous_2)","decl":{"start":{"line":7,"column":9},"end":{"line":7,"column":10}},"loc":{"start":{"line":7,"column":23},"end":{"line":7,"column":36}},"line":7},"3":{"name":"(anonymous_3)","decl":{"start":{"line":8,"column":9},"end":{"line":8,"column":10}},"loc":{"start":{"line":8,"column":23},"end":{"line":8,"column":36}},"line":8},"4":{"name":"(anonymous_4)","decl":{"start":{"line":9,"column":11},"end":{"line":9,"column":12}},"loc":{"start":{"line":9,"column":27},"end":{"line":9,"column":40}},"line":9},"5":{"name":"(anonymous_5)","decl":{"start":{"line":10,"column":10},"end":{"line":10,"column":11}},"loc":{"start":{"line":10,"column":17},"end":{"line":10,"column":38}},"line":10},"6":{"name":"(anonymous_6)","decl":{"start":{"line":14,"column":15},"end":{"line":14,"column":16}},"loc":{"start":{"line":14,"column":29},"end":{"line":14,"column":49}},"line":14},"7":{"name":"(anonymous_7)","decl":{"start":{"line":15,"column":15},"end":{"line":15,"column":16}},"loc":{"start":{"line":15,"column":29},"end":{"line":15,"column":49}},"line":15},"8":{"name":"(anonymous_8)","decl":{"start":{"line":16,"column":11},"end":{"line":16,"column":12}},"loc":{"start":{"line":16,"column":27},"end":{"line":16,"column":40}},"line":16},"9":{"name":"(anonymous_9)","decl":{"start":{"line":17,"column":11},"end":{"line":17,"column":12}},"loc":{"start":{"line":17,"column":27},"end":{"line":17,"column":42}},"line":17},"10":{"name":"(anonymous_10)","decl":{"start":{"line":18,"column":14},"end":{"line":18,"column":15}},"loc":{"start":{"line":18,"column":21},"end":{"line":18,"column":31}},"line":18},"11":{"name":"(anonymous_11)","decl":{"start":{"line":19,"column":10},"end":{"line":19,"column":11}},"loc":{"start":{"line":19,"column":17},"end":{"line":19,"column":65}},"line":19},"12":{"name":"(anonymous_12)","decl":{"start":{"line":23,"column":11},"end":{"line":23,"column":12}},"loc":{"start":{"line":23,"column":25},"end":{"line":23,"column":38}},"line":23},"13":{"name":"(anonymous_13)","decl":{"start":{"line":24,"column":12},"end":{"line":24,"column":13}},"loc":{"start":{"line":24,"column":26},"end":{"line":24,"column":39}},"line":24},"14":{"name":"(anonymous_14)","decl":{"start":{"line":25,"column":13},"end":{"line":25,"column":14}},"loc":{"start":{"line":25,"column":29},"end":{"line":25,"column":69}},"line":25},"15":{"name":"(anonymous_15)","decl":{"start":{"line":26,"column":11},"end":{"line":26,"column":12}},"loc":{"start":{"line":26,"column":27},"end":{"line":26,"column":44}},"line":26},"16":{"name":"(anonymous_16)","decl":{"start":{"line":27,"column":10},"end":{"line":27,"column":11}},"loc":{"start":{"line":27,"column":17},"end":{"line":27,"column":36}},"line":27},"17":{"name":"(anonymous_17)","decl":{"start":{"line":31,"column":9},"end":{"line":31,"column":10}},"loc":{"start":{"line":31,"column":23},"end":{"line":31,"column":36}},"line":31},"18":{"name":"(anonymous_18)","decl":{"start":{"line":32,"column":9},"end":{"line":32,"column":10}},"loc":{"start":{"line":32,"column":23},"end":{"line":32,"column":36}},"line":32},"19":{"name":"(anonymous_19)","decl":{"start":{"line":33,"column":11},"end":{"line":33,"column":12}},"loc":{"start":{"line":33,"column":27},"end":{"line":33,"column":40}},"line":33},"20":{"name":"(anonymous_20)","decl":{"start":{"line":34,"column":10},"end":{"line":34,"column":11}},"loc":{"start":{"line":34,"column":17},"end":{"line":34,"column":53}},"line":34},"21":{"name":"(anonymous_21)","decl":{"start":{"line":38,"column":8},"end":{"line":38,"column":9}},"loc":{"start":{"line":38,"column":23},"end":{"line":46,"column":5}},"line":38},"22":{"name":"(anonymous_22)","decl":{"start":{"line":40,"column":18},"end":{"line":40,"column":19}},"loc":{"start":{"line":40,"column":26},"end":{"line":44,"column":7}},"line":40},"23":{"name":"(anonymous_23)","decl":{"start":{"line":47,"column":14},"end":{"line":47,"column":15}},"loc":{"start":{"line":47,"column":21},"end":{"line":47,"column":37}},"line":47},"24":{"name":"(anonymous_24)","decl":{"start":{"line":48,"column":12},"end":{"line":48,"column":13}},"loc":{"start":{"line":48,"column":26},"end":{"line":48,"column":44}},"line":48},"25":{"name":"(anonymous_25)","decl":{"start":{"line":49,"column":10},"end":{"line":49,"column":11}},"loc":{"start":{"line":49,"column":17},"end":{"line":49,"column":37}},"line":49},"26":{"name":"(anonymous_26)","decl":{"start":{"line":53,"column":36},"end":{"line":53,"column":37}},"loc":{"start":{"line":53,"column":45},"end":{"line":56,"column":1}},"line":53}},"branchMap":{"0":{"loc":{"start":{"line":2,"column":33},"end":{"line":2,"column":68}},"type":"binary-expr","locations":[{"start":{"line":2,"column":33},"end":{"line":2,"column":50}},{"start":{"line":2,"column":54},"end":{"line":2,"column":68}}],"line":2},"1":{"loc":{"start":{"line":19,"column":17},"end":{"line":19,"column":65}},"type":"binary-expr","locations":[{"start":{"line":19,"column":17},"end":{"line":19,"column":40}},{"start":{"line":19,"column":44},"end":{"line":19,"column":65}}],"line":19},"2":{"loc":{"start":{"line":25,"column":29},"end":{"line":25,"column":69}},"type":"binary-expr","locations":[{"start":{"line":25,"column":29},"end":{"line":25,"column":47}},{"start":{"line":25,"column":51},"end":{"line":25,"column":69}}],"line":25},"3":{"loc":{"start":{"line":34,"column":17},"end":{"line":34,"column":53}},"type":"binary-expr","locations":[{"start":{"line":34,"column":17},"end":{"line":34,"column":36}},{"start":{"line":34,"column":40},"end":{"line":34,"column":53}}],"line":34},"4":{"loc":{"start":{"line":41,"column":8},"end":{"line":43,"column":9}},"type":"if","locations":[{"start":{"line":41,"column":8},"end":{"line":43,"column":9}},{"start":{"line":41,"column":8},"end":{"line":43,"column":9}}],"line":41}},"s":{"0":8,"1":4,"2":8,"3":62,"4":8,"5":5,"6":7,"7":1,"8":20,"9":1,"10":3,"11":1,"12":2,"13":4,"14":15,"15":1,"16":1,"17":1,"18":1,"19":8,"20":1,"21":1,"22":1,"23":5,"24":6,"25":6,"26":9,"27":4,"28":6,"29":1,"30":1,"31":9,"32":8,"33":40,"34":40,"35":8},"f":{"0":4,"1":62,"2":5,"3":7,"4":1,"5":20,"6":1,"7":3,"8":1,"9":2,"10":4,"11":15,"12":1,"13":1,"14":1,"15":1,"16":8,"17":1,"18":1,"19":1,"20":5,"21":6,"22":9,"23":1,"24":1,"25":9,"26":40},"b":{"0":[62,1],"1":[15,2],"2":[1,1],"3":[5,5],"4":[4,5]},"_coverageSchema":"332fd63041d2c1bcb487cc26dd0d5f7d97098a6c","hash":"49ed9161bce4aad7917c5ab0272043e38cedd070"}
}
