TN:
SF:C:\Users\oussama\Documents\forgJs\src\Rule.js
FN:4,(anonymous_0)
FN:14,(anonymous_1)
FN:31,(anonymous_2)
FN:47,(anonymous_3)
FNF:4
FNH:4
FNDA:47,(anonymous_0)
FNDA:48,(anonymous_1)
FNDA:47,(anonymous_2)
FNDA:1,(anonymous_3)
DA:1,7
DA:5,47
DA:6,2
DA:8,45
DA:10,47
DA:11,47
DA:15,48
DA:16,1
DA:19,47
DA:20,47
DA:21,83
DA:22,83
DA:24,83
DA:25,13
DA:28,34
DA:32,47
DA:33,47
DA:34,0
DA:36,47
DA:37,88
DA:38,88
DA:39,0
DA:41,88
DA:42,3
DA:48,1
DA:49,1
DA:50,1
DA:55,7
DA:57,7
LF:29
LH:27
BRDA:5,0,0,2
BRDA:5,0,1,45
BRDA:5,1,0,47
BRDA:5,1,1,45
BRDA:15,2,0,1
BRDA:15,2,1,47
BRDA:24,3,0,13
BRDA:24,3,1,70
BRDA:24,4,0,83
BRDA:24,4,1,15
BRDA:33,5,0,0
BRDA:33,5,1,47
BRDA:38,6,0,0
BRDA:38,6,1,88
BRDA:41,7,0,3
BRDA:41,7,1,85
BRDA:49,8,0,1
BRDA:49,8,1,0
BRF:18
BRH:15
end_of_record
TN:
SF:C:\Users\oussama\Documents\forgJs\src\Validator.js
FN:3,traverse
FN:6,(anonymous_1)
FN:17,getValFromPath
FN:28,(anonymous_3)
FN:32,(anonymous_4)
FN:34,(anonymous_5)
FNF:6
FNH:6
FNDA:3,traverse
FNDA:7,(anonymous_1)
FNDA:7,getValFromPath
FNDA:3,(anonymous_3)
FNDA:3,(anonymous_4)
FNDA:7,(anonymous_5)
DA:1,7
DA:4,3
DA:6,3
DA:7,7
DA:8,0
DA:10,7
DA:11,7
DA:18,7
DA:19,7
DA:20,7
DA:23,0
DA:24,0
DA:29,3
DA:33,3
DA:34,3
DA:35,7
DA:36,0
DA:39,3
DA:43,7
LF:19
LH:15
BRDA:4,0,0,3
BRDA:4,0,1,3
BRDA:7,1,0,0
BRDA:7,1,1,7
BRDA:7,2,0,7
BRDA:7,2,1,7
BRDA:7,2,2,7
BRDA:19,3,0,7
BRDA:19,3,1,0
BRDA:35,4,0,0
BRDA:35,4,1,7
BRF:11
BRH:8
end_of_record
TN:
SF:C:\Users\oussama\Documents\forgJs\src\index.js
FNF:0
FNH:0
DA:1,7
DA:2,7
DA:4,7
LF:3
LH:3
BRF:0
BRH:0
end_of_record
TN:
SF:C:\Users\oussama\Documents\forgJs\src\testfunctions.js
FN:1,(anonymous_0)
FN:2,(anonymous_1)
FN:7,(anonymous_2)
FN:8,(anonymous_3)
FN:9,(anonymous_4)
FN:10,(anonymous_5)
FN:14,(anonymous_6)
FN:15,(anonymous_7)
FN:16,(anonymous_8)
FN:17,(anonymous_9)
FN:18,(anonymous_10)
FN:19,(anonymous_11)
FN:23,(anonymous_12)
FN:24,(anonymous_13)
FN:25,(anonymous_14)
FN:26,(anonymous_15)
FN:27,(anonymous_16)
FN:31,(anonymous_17)
FN:32,(anonymous_18)
FN:33,(anonymous_19)
FN:34,(anonymous_20)
FN:38,(anonymous_21)
FN:40,(anonymous_22)
FN:47,(anonymous_23)
FN:48,(anonymous_24)
FN:49,(anonymous_25)
FN:53,(anonymous_26)
FNF:27
FNH:23
FNDA:4,(anonymous_0)
FNDA:50,(anonymous_1)
FNDA:4,(anonymous_2)
FNDA:6,(anonymous_3)
FNDA:1,(anonymous_4)
FNDA:16,(anonymous_5)
FNDA:0,(anonymous_6)
FNDA:3,(anonymous_7)
FNDA:0,(anonymous_8)
FNDA:2,(anonymous_9)
FNDA:2,(anonymous_10)
FNDA:12,(anonymous_11)
FNDA:1,(anonymous_12)
FNDA:1,(anonymous_13)
FNDA:1,(anonymous_14)
FNDA:0,(anonymous_15)
FNDA:6,(anonymous_16)
FNDA:1,(anonymous_17)
FNDA:1,(anonymous_18)
FNDA:0,(anonymous_19)
FNDA:4,(anonymous_20)
FNDA:4,(anonymous_21)
FNDA:5,(anonymous_22)
FNDA:1,(anonymous_23)
FNDA:1,(anonymous_24)
FNDA:7,(anonymous_25)
FNDA:35,(anonymous_26)
DA:1,7
DA:2,50
DA:5,7
DA:7,4
DA:8,6
DA:9,1
DA:10,16
DA:14,0
DA:15,3
DA:16,0
DA:17,2
DA:18,2
DA:19,12
DA:23,1
DA:24,1
DA:25,1
DA:26,0
DA:27,6
DA:31,1
DA:32,1
DA:33,0
DA:34,4
DA:39,4
DA:40,4
DA:41,5
DA:42,0
DA:45,4
DA:47,1
DA:48,1
DA:49,7
DA:53,7
DA:54,35
DA:55,35
DA:58,7
LF:34
LH:29
BRDA:2,0,0,50
BRDA:2,0,1,1
BRDA:19,1,0,12
BRDA:19,1,1,1
BRDA:25,2,0,1
BRDA:25,2,1,1
BRDA:34,3,0,4
BRDA:34,3,1,4
BRDA:41,4,0,0
BRDA:41,4,1,5
BRF:10
BRH:9
end_of_record
