TN:
SF:C:\Users\oussama\Documents\forgJs\src\index.js
FNF:0
FNH:0
DA:1,7
DA:2,7
DA:4,7
LF:3
LH:3
BRF:0
BRH:0
end_of_record
TN:
SF:C:\Users\oussama\Documents\forgJs\src\Rule\index.js
FN:4,(anonymous_0)
FN:14,(anonymous_1)
FN:31,(anonymous_2)
FN:47,(anonymous_3)
FNF:4
FNH:4
FNDA:59,(anonymous_0)
FNDA:60,(anonymous_1)
FNDA:59,(anonymous_2)
FNDA:1,(anonymous_3)
DA:1,8
DA:5,59
DA:6,3
DA:8,56
DA:10,59
DA:11,59
DA:15,60
DA:16,1
DA:19,59
DA:20,59
DA:21,105
DA:22,105
DA:24,105
DA:25,19
DA:28,40
DA:32,59
DA:33,59
DA:34,1
DA:36,58
DA:37,109
DA:38,109
DA:39,1
DA:41,108
DA:42,3
DA:48,1
DA:49,1
DA:53,8
DA:55,8
LF:28
LH:28
BRDA:5,0,0,3
BRDA:5,0,1,56
BRDA:5,1,0,59
BRDA:5,1,1,56
BRDA:15,2,0,1
BRDA:15,2,1,59
BRDA:24,3,0,19
BRDA:24,3,1,86
BRDA:24,4,0,105
BRDA:24,4,1,21
BRDA:33,5,0,1
BRDA:33,5,1,58
BRDA:38,6,0,1
BRDA:38,6,1,108
BRDA:41,7,0,3
BRDA:41,7,1,105
BRF:16
BRH:16
end_of_record
TN:
SF:C:\Users\oussama\Documents\forgJs\src\Validator\index.js
FN:4,(anonymous_0)
FN:8,(anonymous_1)
FN:10,(anonymous_2)
FNF:3
FNH:3
FNDA:4,(anonymous_0)
FNDA:4,(anonymous_1)
FNDA:10,(anonymous_2)
DA:1,7
DA:5,4
DA:9,4
DA:10,4
DA:11,10
DA:12,1
DA:15,4
DA:19,7
LF:8
LH:8
BRDA:11,0,0,1
BRDA:11,0,1,9
BRF:2
BRH:2
end_of_record
TN:
SF:C:\Users\oussama\Documents\forgJs\src\Validator\util.js
FN:3,traverse
FN:6,(anonymous_1)
FN:17,getValFromPath
FNF:3
FNH:3
FNDA:6,traverse
FNDA:12,(anonymous_1)
FNDA:12,getValFromPath
DA:1,8
DA:4,6
DA:6,6
DA:7,12
DA:8,1
DA:10,11
DA:11,11
DA:18,12
DA:19,12
DA:20,11
DA:23,1
DA:24,1
DA:27,8
LF:13
LH:13
BRDA:4,0,0,6
BRDA:4,0,1,5
BRDA:7,1,0,1
BRDA:7,1,1,11
BRDA:7,2,0,12
BRDA:7,2,1,12
BRDA:7,2,2,11
BRDA:19,3,0,11
BRDA:19,3,1,1
BRF:9
BRH:9
end_of_record
TN:
SF:C:\Users\oussama\Documents\forgJs\src\testFunctions\index.js
FN:1,(anonymous_0)
FN:2,(anonymous_1)
FN:7,(anonymous_2)
FN:8,(anonymous_3)
FN:9,(anonymous_4)
FN:10,(anonymous_5)
FN:14,(anonymous_6)
FN:15,(anonymous_7)
FN:16,(anonymous_8)
FN:17,(anonymous_9)
FN:18,(anonymous_10)
FN:19,(anonymous_11)
FN:23,(anonymous_12)
FN:24,(anonymous_13)
FN:25,(anonymous_14)
FN:26,(anonymous_15)
FN:27,(anonymous_16)
FN:31,(anonymous_17)
FN:32,(anonymous_18)
FN:33,(anonymous_19)
FN:34,(anonymous_20)
FN:38,(anonymous_21)
FN:40,(anonymous_22)
FN:47,(anonymous_23)
FN:48,(anonymous_24)
FN:49,(anonymous_25)
FN:53,(anonymous_26)
FNF:27
FNH:27
FNDA:4,(anonymous_0)
FNDA:62,(anonymous_1)
FNDA:5,(anonymous_2)
FNDA:7,(anonymous_3)
FNDA:1,(anonymous_4)
FNDA:20,(anonymous_5)
FNDA:1,(anonymous_6)
FNDA:3,(anonymous_7)
FNDA:1,(anonymous_8)
FNDA:2,(anonymous_9)
FNDA:4,(anonymous_10)
FNDA:15,(anonymous_11)
FNDA:1,(anonymous_12)
FNDA:1,(anonymous_13)
FNDA:1,(anonymous_14)
FNDA:1,(anonymous_15)
FNDA:8,(anonymous_16)
FNDA:1,(anonymous_17)
FNDA:1,(anonymous_18)
FNDA:1,(anonymous_19)
FNDA:5,(anonymous_20)
FNDA:6,(anonymous_21)
FNDA:9,(anonymous_22)
FNDA:1,(anonymous_23)
FNDA:1,(anonymous_24)
FNDA:9,(anonymous_25)
FNDA:40,(anonymous_26)
DA:1,8
DA:2,62
DA:5,8
DA:7,5
DA:8,7
DA:9,1
DA:10,20
DA:14,1
DA:15,3
DA:16,1
DA:17,2
DA:18,4
DA:19,15
DA:23,1
DA:24,1
DA:25,1
DA:26,1
DA:27,8
DA:31,1
DA:32,1
DA:33,1
DA:34,5
DA:39,6
DA:40,6
DA:41,9
DA:42,4
DA:45,6
DA:47,1
DA:48,1
DA:49,9
DA:53,8
DA:54,40
DA:55,40
DA:58,8
LF:34
LH:34
BRDA:2,0,0,62
BRDA:2,0,1,1
BRDA:19,1,0,15
BRDA:19,1,1,2
BRDA:25,2,0,1
BRDA:25,2,1,1
BRDA:34,3,0,5
BRDA:34,3,1,5
BRDA:41,4,0,4
BRDA:41,4,1,5
BRF:10
BRH:10
end_of_record
